2025.10.25 15:41:44 INFO  Started: Metals version 1.6.3 in folders '/Users/tkasu/Documents/Programming/ruuvi-project/ruuvitag-api' for client Visual Studio Code 1.102.3.[0m
2025.10.25 15:41:44 WARN  Using H2 2.4.240 which is newer than the version Flyway has been verified with. The latest verified version of H2 is 2.3.232.[0m
2025.10.25 15:41:44 INFO  no build target found for /Users/tkasu/Documents/Programming/ruuvi-project/ruuvitag-api/src/main/scala/com/github/tkasu/ruuvitag/api/config/AppConfig.scala. Using presentation compiler with project's scala-library version: 3.3.6[0m
2025.10.25 15:41:46 INFO  no build target found for /Users/tkasu/Documents/Programming/ruuvi-project/ruuvitag-api/src/main/scala/com/github/tkasu/ruuvitag/api/config/AppConfig.scala. Using presentation compiler with project's scala-library version: 3.3.6[0m
2025.10.25 15:41:47 INFO  no build target found for /Users/tkasu/Documents/Programming/ruuvi-project/ruuvitag-api/src/main/scala/com/github/tkasu/ruuvitag/api/config/AppConfig.scala. Using presentation compiler with project's scala-library version: 3.3.6[0m
2025.10.25 15:41:47 INFO  no build target found for /Users/tkasu/Documents/Programming/ruuvi-project/ruuvitag-api/src/main/scala/com/github/tkasu/ruuvitag/api/config/AppConfig.scala. Using presentation compiler with project's scala-library version: 3.3.6[0m
2025.10.25 15:41:47 INFO  no build target found for /Users/tkasu/Documents/Programming/ruuvi-project/ruuvitag-api/src/main/scala/com/github/tkasu/ruuvitag/api/config/AppConfig.scala. Using presentation compiler with project's scala-library version: 3.3.6[0m
2025.10.25 15:41:47 INFO  no build target found for /Users/tkasu/Documents/Programming/ruuvi-project/ruuvitag-api/src/main/scala/com/github/tkasu/ruuvitag/api/config/AppConfig.scala. Using presentation compiler with project's scala-library version: 3.3.6[0m
Oct 25, 2025 3:41:47 PM org.eclipse.lsp4j.jsonrpc.RemoteEndpoint handleCancellation
WARNING: Unmatched cancel notification for request id 10
Oct 25, 2025 3:41:47 PM org.eclipse.lsp4j.jsonrpc.RemoteEndpoint handleCancellation
WARNING: Unmatched cancel notification for request id 11
2025.10.25 15:41:49 INFO  no build target found for /Users/tkasu/Documents/Programming/ruuvi-project/ruuvitag-api/src/main/scala/com/github/tkasu/ruuvitag/api/config/AppConfig.scala. Using presentation compiler with project's scala-library version: 3.3.6[0m
2025.10.25 15:41:49 INFO  no build target found for /Users/tkasu/Documents/Programming/ruuvi-project/ruuvitag-api/src/main/scala/com/github/tkasu/ruuvitag/api/config/AppConfig.scala. Using presentation compiler with project's scala-library version: 3.3.6[0m
2025.10.25 15:41:53 INFO  running '/Users/tkasu/.sdkman/candidates/sbt/current/bin/sbt -Dbloop.export-jar-classifiers=sources bloopInstall'[0m
2025.10.25 15:41:53 INFO  no build target found for /Users/tkasu/Documents/Programming/ruuvi-project/ruuvitag-api/src/main/scala/com/github/tkasu/ruuvitag/api/config/AppConfig.scala. Using presentation compiler with project's scala-library version: 3.3.6[0m
2025.10.25 15:41:53 WARN  no build target for: /Users/tkasu/Documents/Programming/ruuvi-project/ruuvitag-api/project/metals.sbt[0m
2025.10.25 15:41:53 WARN  no build target for: /Users/tkasu/Documents/Programming/ruuvi-project/ruuvitag-api/project/project/metals.sbt[0m
2025.10.25 15:41:53 INFO  no build target found for /Users/tkasu/Documents/Programming/ruuvi-project/ruuvitag-api/project/project/metals.sbt. Using presentation compiler with project's scala-library version: 3.3.6[0m
2025.10.25 15:41:53 INFO  no build target found for /Users/tkasu/Documents/Programming/ruuvi-project/ruuvitag-api/src/main/scala/com/github/tkasu/ruuvitag/api/config/AppConfig.scala. Using presentation compiler with project's scala-library version: 3.3.6[0m
2025.10.25 15:41:53 INFO  no build target found for /Users/tkasu/Documents/Programming/ruuvi-project/ruuvitag-api/project/metals.sbt. Using presentation compiler with project's scala-library version: 3.3.6[0m
2025.10.25 15:41:53 INFO  no build target found for /Users/tkasu/Documents/Programming/ruuvi-project/ruuvitag-api/src/main/scala/com/github/tkasu/ruuvitag/api/config/AppConfig.scala. Using presentation compiler with project's scala-library version: 3.3.6[0m
2025.10.25 15:41:54 ERROR WARNING: A terminally deprecated method in sun.misc.Unsafe has been called[0m
2025.10.25 15:41:54 ERROR WARNING: sun.misc.Unsafe::arrayBaseOffset has been called by net.openhft.hashing.UnsafeAccess (file:/Users/tkasu/.sbt/boot/scala-2.12.20/org.scala-sbt/sbt/1.11.7/zero-allocation-hashing-0.16.jar)[0m
2025.10.25 15:41:54 ERROR WARNING: Please consider reporting this to the maintainers of class net.openhft.hashing.UnsafeAccess[0m
2025.10.25 15:41:54 ERROR WARNING: sun.misc.Unsafe::arrayBaseOffset will be removed in a future release[0m
2025.10.25 15:41:54 ERROR WARNING: A restricted method in java.lang.System has been called[0m
2025.10.25 15:41:54 ERROR WARNING: java.lang.System::load has been called by org.scalasbt.ipcsocket.NativeLoader in an unnamed module (file:/Users/tkasu/.sbt/boot/scala-2.12.20/org.scala-sbt/sbt/1.11.7/ipcsocket-1.6.3.jar)[0m
2025.10.25 15:41:54 ERROR WARNING: Use --enable-native-access=ALL-UNNAMED to avoid a warning for callers in this module[0m
2025.10.25 15:41:54 ERROR WARNING: Restricted methods will be blocked in a future release unless native access is enabled[0m
2025.10.25 15:41:54 ERROR [0m
2025.10.25 15:41:55 INFO  [info] welcome to sbt 1.11.7 (Eclipse Adoptium Java 25)[0m
2025.10.25 15:41:55 INFO  [info] loading settings for project ruuvitag-api-build-build-build from metals.sbt...[0m
2025.10.25 15:41:57 INFO  no build target found for /Users/tkasu/Documents/Programming/ruuvi-project/ruuvitag-api/src/main/scala/com/github/tkasu/ruuvitag/api/config/AppConfig.scala. Using presentation compiler with project's scala-library version: 3.3.6[0m
2025.10.25 15:41:57 INFO  [info] loading project definition from /Users/tkasu/Documents/Programming/ruuvi-project/ruuvitag-api/project/project/project[0m
2025.10.25 15:41:58 INFO  [info] loading settings for project ruuvitag-api-build-build from metals.sbt...[0m
2025.10.25 15:41:58 INFO  [info] loading project definition from /Users/tkasu/Documents/Programming/ruuvi-project/ruuvitag-api/project/project[0m
2025.10.25 15:41:59 INFO  no build target found for /Users/tkasu/Documents/Programming/ruuvi-project/ruuvitag-api/build.sbt. Using presentation compiler with project's scala-library version: 3.3.6[0m
2025.10.25 15:41:59 INFO  no build target found for /Users/tkasu/Documents/Programming/ruuvi-project/ruuvitag-api/build.sbt. Using presentation compiler with project's scala-library version: 3.3.6[0m
2025.10.25 15:42:04 INFO  [success] Generated .bloop/ruuvitag-api-build-build.json[0m
2025.10.25 15:42:04 INFO  [success] Total time: 6 s, completed 25 Oct 2025, 15.42.04[0m
2025.10.25 15:42:04 INFO  [info] loading settings for project ruuvitag-api-build from metals.sbt, plugins.sbt...[0m
2025.10.25 15:42:04 INFO  [info] loading project definition from /Users/tkasu/Documents/Programming/ruuvi-project/ruuvitag-api/project[0m
2025.10.25 15:42:10 INFO  no build target found for /Users/tkasu/Documents/Programming/ruuvi-project/ruuvitag-api/build.sbt. Using presentation compiler with project's scala-library version: 3.3.6[0m
2025.10.25 15:42:10 INFO  [success] Generated .bloop/ruuvitag-api-build.json[0m
2025.10.25 15:42:10 INFO  [success] Total time: 6 s, completed 25 Oct 2025, 15.42.10[0m
2025.10.25 15:42:10 INFO  [info] loading settings for project root from build.sbt...[0m
2025.10.25 15:42:12 INFO  [info] set current project to ruuvitag-api (in build file:/Users/tkasu/Documents/Programming/ruuvi-project/ruuvitag-api/)[0m
2025.10.25 15:42:27 INFO  [success] Generated .bloop/root-test.json[0m
2025.10.25 15:42:27 INFO  [success] Generated .bloop/root.json[0m
2025.10.25 15:42:27 INFO  [success] Total time: 15 s, completed 25 Oct 2025, 15.42.27[0m
2025.10.25 15:42:27 INFO  time: ran 'sbt bloopInstall' in 33s[0m
2025.10.25 15:42:27 INFO  Attempting to connect to the build server...[0m
2025.10.25 15:42:27 INFO  Found a Bloop server running[0m
2025.10.25 15:42:27 INFO  tracing is disabled for protocol BSP, to enable tracing of incoming and outgoing JSON messages create an empty file at /Users/tkasu/Documents/Programming/ruuvi-project/ruuvitag-api/.metals/bsp.trace.json or /Users/tkasu/Library/Caches/org.scalameta.metals/bsp.trace.json[0m
2025.10.25 15:42:27 INFO  Attempting to connect to the build server...[0m
2025.10.25 15:42:27 INFO  Found a Bloop server running[0m
2025.10.25 15:42:27 INFO  Attempting to connect to the build server...[0m
2025.10.25 15:42:27 INFO  Found a Bloop server running[0m
2025.10.25 15:42:27 INFO  tracing is disabled for protocol BSP, to enable tracing of incoming and outgoing JSON messages create an empty file at /Users/tkasu/Documents/Programming/ruuvi-project/ruuvitag-api/project/project/.metals/bsp.trace.json or /Users/tkasu/Library/Caches/org.scalameta.metals/bsp.trace.json[0m
2025.10.25 15:42:27 INFO  tracing is disabled for protocol BSP, to enable tracing of incoming and outgoing JSON messages create an empty file at /Users/tkasu/Documents/Programming/ruuvi-project/ruuvitag-api/project/.metals/bsp.trace.json or /Users/tkasu/Library/Caches/org.scalameta.metals/bsp.trace.json[0m
2025.10.25 15:42:27 INFO  time: Connected to build server in 0.3s[0m
2025.10.25 15:42:27 INFO  Connected to Build server: Bloop v2.0.16[0m
2025.10.25 15:42:31 WARN  Using H2 2.4.240 which is newer than the version Flyway has been verified with. The latest verified version of H2 is 2.3.232.[0m
2025.10.25 15:42:37 INFO  time: indexed workspace in 10s[0m
2025.10.25 15:42:38 INFO  compiling root (19 scala sources)[0m
2025.10.25 15:42:40 INFO  time: code lens generation in 2.54s[0m
2025.10.25 15:42:45 INFO  time: compiled root in 7.01s[0m
2025.10.25 15:44:13 INFO  compiling root (1 scala source)[0m
2025.10.25 15:44:15 INFO  time: compiled root in 1.54s[0m
2025.10.25 15:44:28 INFO  compiling root (1 scala source)[0m
2025.10.25 15:44:28 INFO  time: compiled root in 0.63s[0m
2025.10.25 15:44:28 INFO  compiling root (1 scala source)[0m
2025.10.25 15:44:30 INFO  time: compiled root in 1.37s[0m
2025.10.25 15:44:40 INFO  compiling root (2 scala sources)[0m
2025.10.25 15:44:40 INFO  time: compiled root in 0.98s[0m
2025.10.25 15:44:47 INFO  compiling root (2 scala sources)[0m
2025.10.25 15:44:48 INFO  time: compiled root in 1.1s[0m
2025.10.25 15:45:00 INFO  compiling root (2 scala sources)[0m
2025.10.25 15:45:01 INFO  time: compiled root in 1.13s[0m
2025.10.25 16:04:30 INFO  compiling root (1 scala source)[0m
2025.10.25 16:04:32 INFO  time: compiled root in 1.82s[0m
2025.10.25 16:04:32 INFO  compiling root (2 scala sources)[0m
2025.10.25 16:04:33 INFO  time: compiled root in 0.95s[0m
2025.10.25 16:05:18 INFO  compiling root (1 scala source)[0m
2025.10.25 16:05:18 INFO  time: compiled root in 0.96s[0m
2025.10.26 11:14:34 INFO  compiling root (3 scala sources)[0m
2025.10.26 11:14:36 INFO  time: compiled root in 2.24s[0m
2025.10.26 11:14:36 INFO  compiling root-test (5 scala sources)[0m
2025.10.26 11:14:39 INFO  time: compiled root-test in 2.36s[0m
2025.10.26 11:33:54 INFO  compiling root (1 scala source)[0m
2025.10.26 11:33:56 INFO  time: compiled root in 1.54s[0m
2025.10.26 11:33:56 INFO  compiling root-test (1 scala source)[0m
2025.10.26 11:33:57 INFO  time: compiled root-test in 1.24s[0m
2025.10.26 11:43:21 INFO  compiling root (3 scala sources)[0m
2025.10.26 11:43:24 INFO  time: compiled root in 2.96s[0m
2025.10.26 11:43:24 INFO  compiling root (3 scala sources)[0m
2025.10.26 11:43:26 INFO  time: compiled root in 2.08s[0m
2025.10.26 18:29:16 WARN  Invalid text document uri received from build server: file:///Users/tkasu/Documents/Programming/ruuvi-project/ruuvitag-api/src/main/scala/com/github/tkasu/ruuvitag/api/http/routes/MetricsRoutes.scala[0m
2025.10.26 18:29:16 INFO  time: compiled root in 6ms[0m
2025.10.26 18:29:16 INFO  time: compiled root-test in 5ms[0m
2025.10.26 18:29:19 INFO  compiling root (1 scala source)[0m
2025.10.26 18:29:20 INFO  time: compiled root in 1.47s[0m
2025.10.26 18:29:20 INFO  compiling root (1 scala source)[0m
2025.10.26 18:29:22 INFO  time: compiled root in 1.19s[0m
2025.10.26 18:38:08 INFO  Shutting down server[0m
2025.10.26 18:38:08 INFO  shutting down Metals[0m
2025.10.26 18:38:08 INFO  Shut down connection with build server.[0m
2025.10.26 18:38:08 INFO  Shut down connection with build server.[0m
2025.10.26 18:38:08 INFO  Shut down connection with build server.[0m
2025.10.26 18:38:08 INFO  Exiting server[0m
2025.10.27 09:01:32 INFO  Started: Metals version 1.6.3 in folders '/Users/tkasu/Documents/Programming/ruuvi-project/ruuvitag-api' for client Visual Studio Code 1.102.3.[0m
2025.10.27 09:01:34 WARN  Using H2 2.4.240 which is newer than the version Flyway has been verified with. The latest verified version of H2 is 2.3.232.[0m
2025.10.27 09:01:34 INFO  Attempting to connect to the build server...[0m
2025.10.27 09:01:34 INFO  Found a Bloop server running[0m
2025.10.27 09:01:34 INFO  tracing is disabled for protocol BSP, to enable tracing of incoming and outgoing JSON messages create an empty file at /Users/tkasu/Documents/Programming/ruuvi-project/ruuvitag-api/.metals/bsp.trace.json or /Users/tkasu/Library/Caches/org.scalameta.metals/bsp.trace.json[0m
2025.10.27 09:01:34 INFO  Attempting to connect to the build server...[0m
2025.10.27 09:01:34 INFO  Found a Bloop server running[0m
2025.10.27 09:01:34 INFO  Attempting to connect to the build server...[0m
2025.10.27 09:01:34 INFO  Found a Bloop server running[0m
2025.10.27 09:01:35 INFO  tracing is disabled for protocol BSP, to enable tracing of incoming and outgoing JSON messages create an empty file at /Users/tkasu/Documents/Programming/ruuvi-project/ruuvitag-api/project/project/.metals/bsp.trace.json or /Users/tkasu/Library/Caches/org.scalameta.metals/bsp.trace.json[0m
2025.10.27 09:01:35 INFO  tracing is disabled for protocol BSP, to enable tracing of incoming and outgoing JSON messages create an empty file at /Users/tkasu/Documents/Programming/ruuvi-project/ruuvitag-api/project/.metals/bsp.trace.json or /Users/tkasu/Library/Caches/org.scalameta.metals/bsp.trace.json[0m
2025.10.27 09:01:35 INFO  time: Connected to build server in 0.56s[0m
2025.10.27 09:01:35 INFO  Connected to Build server: Bloop v2.0.16[0m
2025.10.27 09:01:39 WARN  Using H2 2.4.240 which is newer than the version Flyway has been verified with. The latest verified version of H2 is 2.3.232.[0m
2025.10.27 09:01:39 INFO  time: indexed workspace in 4.6s[0m
Oct 27, 2025 9:02:19 AM org.eclipse.lsp4j.jsonrpc.services.GenericEndpoint notify
INFO: Unsupported notification method: $/setTrace
2025.10.27 09:02:27 INFO  skipping build import with status 'Installed'[0m
2025.10.27 09:08:27 INFO  skipping build import with status 'Installed'[0m
2025.10.27 09:08:27 INFO  skipping build import with status 'Installed'[0m
Exception in thread "metals-watch-callback-thread" java.nio.file.NoSuchFileException: /Users/tkasu/Documents/Programming/ruuvi-project/ruuvitag-api/src/main/scala/com/github/tkasu/ruuvitag/api/domain/user.scala
	at java.base/sun.nio.fs.UnixException.translateToIOException(UnixException.java:92)
	at java.base/sun.nio.fs.UnixException.rethrowAsIOException(UnixException.java:106)
	at java.base/sun.nio.fs.UnixException.rethrowAsIOException(UnixException.java:111)
	at java.base/sun.nio.fs.UnixFileSystemProvider.newFileChannel(UnixFileSystemProvider.java:213)
	at java.base/sun.nio.fs.UnixFileSystemProvider.newByteChannel(UnixFileSystemProvider.java:244)
	at java.base/java.nio.file.Files.newByteChannel(Files.java:357)
	at java.base/java.nio.file.Files.newByteChannel(Files.java:399)
	at java.base/java.nio.file.Files.readAllBytes(Files.java:2973)
	at scala.meta.internal.io.PlatformFileIO$.slurp(PlatformFileIO.scala:42)
	at scala.meta.internal.io.FileIO$.slurp(FileIO.scala:18)
	at scala.meta.internal.mtags.ScalametaCommonEnrichments$XtensionAbsolutePath.toInput(ScalametaCommonEnrichments.scala:509)
	at scala.meta.internal.metals.MetalsEnrichments$XtensionAbsolutePathBuffers.toInputFromBuffers(MetalsEnrichments.scala:641)
	at scala.meta.internal.metals.Compilers.$anonfun$didChange$2(Compilers.scala:249)
	at scala.Option.getOrElse(Option.scala:201)
	at scala.meta.internal.metals.Compilers.originInput$1(Compilers.scala:249)
	at scala.meta.internal.metals.Compilers.$anonfun$didChange$4(Compilers.scala:266)
	at scala.Option.getOrElse(Option.scala:201)
	at scala.meta.internal.metals.Compilers.$anonfun$didChange$3(Compilers.scala:265)
	at scala.Option.map(Option.scala:242)
	at scala.meta.internal.metals.Compilers.didChange(Compilers.scala:253)
	at scala.meta.internal.metals.MetalsLspService.onCreate(MetalsLspService.scala:392)
	at scala.meta.internal.metals.ProjectMetalsLspService.didChangeWatchedFiles(ProjectMetalsLspService.scala:499)
	at scala.meta.internal.metals.ProjectMetalsLspService.$anonfun$fileWatcher$3(ProjectMetalsLspService.scala:110)
	at scala.meta.internal.metals.ProjectMetalsLspService.$anonfun$fileWatcher$3$adapted(ProjectMetalsLspService.scala:109)
	at scala.meta.internal.metals.watcher.ProjectFileWatcher$$anon$1.loop(ProjectFileWatcher.scala:199)
	at scala.meta.internal.metals.watcher.ProjectFileWatcher$$anon$1.run(ProjectFileWatcher.scala:203)
2025.10.27 09:09:05 INFO  compiling root (8 scala sources)[0m
2025.10.27 09:09:33 INFO  time: compiled root in 28s[0m
2025.10.27 09:10:02 INFO  compiling root (6 scala sources)[0m
2025.10.27 09:10:06 INFO  time: compiled root in 3.76s[0m
2025.10.27 09:11:04 INFO  Shutting down server[0m
2025.10.27 09:11:04 INFO  shutting down Metals[0m
2025.10.27 09:11:04 INFO  Shut down connection with build server.[0m
2025.10.27 09:11:04 INFO  Shut down connection with build server.[0m
2025.10.27 09:11:04 INFO  Shut down connection with build server.[0m
2025.10.27 09:11:04 INFO  Exiting server[0m
